<?xml version="1.0" encoding="UTF-8"?>
<!-- Generated by org.testng.reporters.JUnitReportReporter -->
<testsuite hostname="KLI0509" failures="0" tests="1" name="cucumberOptions.TestNGTestRunner" time="25.123" errors="0" timestamp="2025-01-22T10:01:12 IST" skipped="0">
  <testcase classname="cucumberOptions.TestNGTestRunner" name="runScenario" time="25.123"/>
  <system-out/>
</testsuite> <!-- cucumberOptions.TestNGTestRunner -->
